<?xml version="1.0" encoding="UTF-8"?>
<!-- Generated by org.testng.reporters.JUnitReportReporter -->
<testsuite hostname="DESKTOP-1ILCF35" failures="0" tests="1" name="testcases.VerifyLoginTestcases" time="16.283" errors="0" timestamp="2024-05-01T23:11:12 IST" skipped="0">
  <testcase classname="testcases.VerifyLoginTestcases" name="VerifyLogInWithValidData" time="16.283"/>
  <system-out/>
</testsuite> <!-- testcases.VerifyLoginTestcases -->
