<?xml version="1.0" encoding="UTF-8"?>
<!-- Generated by org.testng.reporters.JUnitReportReporter -->
<testsuite hostname="DESKTOP-1ILCF35" failures="0" tests="1" name="testcases.VerifyRegistrationTestCases" time="28.998" errors="0" timestamp="2024-05-01T23:11:12 IST" skipped="0">
  <testcase classname="testcases.VerifyRegistrationTestCases" name="VerifyRegistrationWithValidData" time="28.998"/>
  <system-out/>
</testsuite> <!-- testcases.VerifyRegistrationTestCases -->
